<?xml version="1.0" encoding="UTF-8"?>
<!-- Generated by org.testng.reporters.JUnitXMLReporter -->
<testsuite ignored="4" hostname="192.168.1.5" failures="0" tests="1" name="Default test" time="3.698" errors="0" timestamp="2023-05-07T21:03:28 IST">
  <testcase classname="AutomateGET" name="validate_post_request_payload_from_file" time="3.667"/>
  <testcase classname="AutomateGET" name="getResponse" time="0.0">
    <ignored/>
  </testcase> <!-- getResponse -->
  <testcase classname="AutomateGET" name="getResponse_onlyifValidationFails" time="0.0">
    <ignored/>
  </testcase> <!-- getResponse_onlyifValidationFails -->
  <testcase classname="AutomateGET" name="getResponse_onlyifError" time="0.0">
    <ignored/>
  </testcase> <!-- getResponse_onlyifError -->
  <testcase classname="AutomateGET" name="getAutomation" time="0.0">
    <ignored/>
  </testcase> <!-- getAutomation -->
</testsuite> <!-- Default test -->
