<?xml version="1.0" encoding="UTF-8"?>
<testng-results ignored="4" total="5" passed="1" failed="0" skipped="0">
  <reporter-output>
  </reporter-output>
  <suite started-at="2023-05-07T21:03:25 IST" name="Default suite" finished-at="2023-05-07T21:03:28 IST" duration-ms="3698">
    <groups>
    </groups>
    <test started-at="2023-05-07T21:03:25 IST" name="Default test" finished-at="2023-05-07T21:03:28 IST" duration-ms="3698">
      <class name="AutomateGET">
        <test-method signature="validate_post_request_payload_from_file()[pri:0, instance:AutomateGET@3b2da18f]" started-at="2023-05-07T21:03:25 IST" name="validate_post_request_payload_from_file" finished-at="2023-05-07T21:03:28 IST" duration-ms="3667" status="PASS">
          <reporter-output>
          </reporter-output>
        </test-method> <!-- validate_post_request_payload_from_file -->
      </class> <!-- AutomateGET -->
    </test> <!-- Default test -->
  </suite> <!-- Default suite -->
</testng-results>
